  Source.cpp
c:\games\генережка\генережка\source.cpp(68): warning C4244: =: преобразование "double" в "int", возможна потеря данных
c:\games\генережка\генережка\source.cpp(69): warning C4244: =: преобразование "double" в "int", возможна потеря данных
c:\games\генережка\генережка\source.cpp(70): warning C4244: =: преобразование "double" в "int", возможна потеря данных
c:\games\генережка\генережка\source.cpp(71): warning C4244: =: преобразование "double" в "int", возможна потеря данных
c:\games\генережка\генережка\source.cpp(72): warning C4244: =: преобразование "double" в "int", возможна потеря данных
c:\games\генережка\генережка\source.cpp(75): warning C4244: =: преобразование "double" в "int", возможна потеря данных
c:\games\генережка\генережка\source.cpp(76): warning C4244: =: преобразование "double" в "int", возможна потеря данных
c:\games\генережка\генережка\source.cpp(77): warning C4244: =: преобразование "double" в "int", возможна потеря данных
c:\games\генережка\генережка\source.cpp(78): warning C4244: =: преобразование "double" в "int", возможна потеря данных
c:\games\генережка\генережка\source.cpp(79): warning C4244: =: преобразование "double" в "int", возможна потеря данных
c:\games\генережка\генережка\source.cpp(82): warning C4244: =: преобразование "double" в "int", возможна потеря данных
c:\games\генережка\генережка\source.cpp(83): warning C4244: =: преобразование "double" в "int", возможна потеря данных
c:\games\генережка\генережка\source.cpp(84): warning C4244: =: преобразование "double" в "int", возможна потеря данных
c:\games\генережка\генережка\source.cpp(85): warning C4244: =: преобразование "double" в "int", возможна потеря данных
c:\games\генережка\генережка\source.cpp(86): warning C4244: =: преобразование "double" в "int", возможна потеря данных
c:\games\генережка\генережка\source.cpp(93): warning C4244: =: преобразование "double" в "int", возможна потеря данных
c:\games\генережка\генережка\source.cpp(94): warning C4244: =: преобразование "double" в "int", возможна потеря данных
c:\games\генережка\генережка\source.cpp(95): warning C4244: =: преобразование "double" в "int", возможна потеря данных
c:\games\генережка\генережка\source.cpp(96): warning C4244: =: преобразование "double" в "int", возможна потеря данных
c:\games\генережка\генережка\source.cpp(97): warning C4244: =: преобразование "double" в "int", возможна потеря данных
c:\games\генережка\генережка\source.cpp(100): warning C4244: =: преобразование "double" в "int", возможна потеря данных
c:\games\генережка\генережка\source.cpp(101): warning C4244: =: преобразование "double" в "int", возможна потеря данных
c:\games\генережка\генережка\source.cpp(102): warning C4244: =: преобразование "double" в "int", возможна потеря данных
c:\games\генережка\генережка\source.cpp(103): warning C4244: =: преобразование "double" в "int", возможна потеря данных
c:\games\генережка\генережка\source.cpp(104): warning C4244: =: преобразование "double" в "int", возможна потеря данных
c:\games\генережка\генережка\source.cpp(107): warning C4244: =: преобразование "double" в "int", возможна потеря данных
c:\games\генережка\генережка\source.cpp(108): warning C4244: =: преобразование "double" в "int", возможна потеря данных
c:\games\генережка\генережка\source.cpp(109): warning C4244: =: преобразование "double" в "int", возможна потеря данных
c:\games\генережка\генережка\source.cpp(110): warning C4244: =: преобразование "double" в "int", возможна потеря данных
c:\games\генережка\генережка\source.cpp(111): warning C4244: =: преобразование "double" в "int", возможна потеря данных
c:\games\генережка\генережка\source.cpp(116): warning C4244: =: преобразование "double" в "int", возможна потеря данных
c:\games\генережка\генережка\source.cpp(117): warning C4244: =: преобразование "double" в "int", возможна потеря данных
c:\games\генережка\генережка\source.cpp(118): warning C4244: =: преобразование "double" в "int", возможна потеря данных
c:\games\генережка\генережка\source.cpp(119): warning C4244: =: преобразование "double" в "int", возможна потеря данных
c:\games\генережка\генережка\source.cpp(120): warning C4244: =: преобразование "double" в "int", возможна потеря данных
  Создание кода
  2 of 11 functions (18.2%) were compiled, the rest were copied from previous compilation.
    1 functions were new in current compilation
    4 functions had inline decision re-evaluated but remain unchanged
  Создание кода завершено
  Генережка.vcxproj -> C:\Games\Генережка\Release\Генережка.exe
