  Source.cpp
c:\games\генережка\генережка\source.cpp(69): warning C4244: =: преобразование "double" в "int", возможна потеря данных
c:\games\генережка\генережка\source.cpp(70): warning C4244: =: преобразование "double" в "int", возможна потеря данных
c:\games\генережка\генережка\source.cpp(71): warning C4244: =: преобразование "double" в "int", возможна потеря данных
c:\games\генережка\генережка\source.cpp(72): warning C4244: =: преобразование "double" в "int", возможна потеря данных
c:\games\генережка\генережка\source.cpp(73): warning C4244: =: преобразование "double" в "int", возможна потеря данных
c:\games\генережка\генережка\source.cpp(76): warning C4244: =: преобразование "double" в "int", возможна потеря данных
c:\games\генережка\генережка\source.cpp(77): warning C4244: =: преобразование "double" в "int", возможна потеря данных
c:\games\генережка\генережка\source.cpp(78): warning C4244: =: преобразование "double" в "int", возможна потеря данных
c:\games\генережка\генережка\source.cpp(79): warning C4244: =: преобразование "double" в "int", возможна потеря данных
c:\games\генережка\генережка\source.cpp(80): warning C4244: =: преобразование "double" в "int", возможна потеря данных
c:\games\генережка\генережка\source.cpp(83): warning C4244: =: преобразование "double" в "int", возможна потеря данных
c:\games\генережка\генережка\source.cpp(84): warning C4244: =: преобразование "double" в "int", возможна потеря данных
c:\games\генережка\генережка\source.cpp(85): warning C4244: =: преобразование "double" в "int", возможна потеря данных
c:\games\генережка\генережка\source.cpp(86): warning C4244: =: преобразование "double" в "int", возможна потеря данных
c:\games\генережка\генережка\source.cpp(87): warning C4244: =: преобразование "double" в "int", возможна потеря данных
c:\games\генережка\генережка\source.cpp(90): warning C4244: =: преобразование "double" в "int", возможна потеря данных
c:\games\генережка\генережка\source.cpp(91): warning C4244: =: преобразование "double" в "int", возможна потеря данных
c:\games\генережка\генережка\source.cpp(92): warning C4244: =: преобразование "double" в "int", возможна потеря данных
c:\games\генережка\генережка\source.cpp(93): warning C4244: =: преобразование "double" в "int", возможна потеря данных
c:\games\генережка\генережка\source.cpp(94): warning C4244: =: преобразование "double" в "int", возможна потеря данных
c:\games\генережка\генережка\source.cpp(101): warning C4244: =: преобразование "double" в "int", возможна потеря данных
c:\games\генережка\генережка\source.cpp(102): warning C4244: =: преобразование "double" в "int", возможна потеря данных
c:\games\генережка\генережка\source.cpp(103): warning C4244: =: преобразование "double" в "int", возможна потеря данных
c:\games\генережка\генережка\source.cpp(104): warning C4244: =: преобразование "double" в "int", возможна потеря данных
c:\games\генережка\генережка\source.cpp(105): warning C4244: =: преобразование "double" в "int", возможна потеря данных
c:\games\генережка\генережка\source.cpp(108): warning C4244: =: преобразование "double" в "int", возможна потеря данных
c:\games\генережка\генережка\source.cpp(109): warning C4244: =: преобразование "double" в "int", возможна потеря данных
c:\games\генережка\генережка\source.cpp(110): warning C4244: =: преобразование "double" в "int", возможна потеря данных
c:\games\генережка\генережка\source.cpp(111): warning C4244: =: преобразование "double" в "int", возможна потеря данных
c:\games\генережка\генережка\source.cpp(112): warning C4244: =: преобразование "double" в "int", возможна потеря данных
c:\games\генережка\генережка\source.cpp(115): warning C4244: =: преобразование "double" в "int", возможна потеря данных
c:\games\генережка\генережка\source.cpp(116): warning C4244: =: преобразование "double" в "int", возможна потеря данных
c:\games\генережка\генережка\source.cpp(117): warning C4244: =: преобразование "double" в "int", возможна потеря данных
c:\games\генережка\генережка\source.cpp(118): warning C4244: =: преобразование "double" в "int", возможна потеря данных
c:\games\генережка\генережка\source.cpp(119): warning C4244: =: преобразование "double" в "int", возможна потеря данных
c:\games\генережка\генережка\source.cpp(122): warning C4244: =: преобразование "double" в "int", возможна потеря данных
c:\games\генережка\генережка\source.cpp(123): warning C4244: =: преобразование "double" в "int", возможна потеря данных
c:\games\генережка\генережка\source.cpp(124): warning C4244: =: преобразование "double" в "int", возможна потеря данных
c:\games\генережка\генережка\source.cpp(125): warning C4244: =: преобразование "double" в "int", возможна потеря данных
c:\games\генережка\генережка\source.cpp(126): warning C4244: =: преобразование "double" в "int", возможна потеря данных
c:\games\генережка\генережка\source.cpp(131): warning C4244: =: преобразование "double" в "int", возможна потеря данных
c:\games\генережка\генережка\source.cpp(132): warning C4244: =: преобразование "double" в "int", возможна потеря данных
c:\games\генережка\генережка\source.cpp(133): warning C4244: =: преобразование "double" в "int", возможна потеря данных
c:\games\генережка\генережка\source.cpp(134): warning C4244: =: преобразование "double" в "int", возможна потеря данных
c:\games\генережка\генережка\source.cpp(135): warning C4244: =: преобразование "double" в "int", возможна потеря данных
c:\games\генережка\генережка\source.cpp(315): warning C4244: инициализация: преобразование "double" в "int", возможна потеря данных
c:\games\генережка\генережка\source.cpp(316): warning C4244: инициализация: преобразование "double" в "int", возможна потеря данных
c:\games\генережка\генережка\source.cpp(320): warning C4244: инициализация: преобразование "double" в "int", возможна потеря данных
c:\games\генережка\генережка\source.cpp(321): warning C4244: инициализация: преобразование "double" в "int", возможна потеря данных
c:\games\генережка\генережка\source.cpp(334): warning C4244: инициализация: преобразование "double" в "int", возможна потеря данных
c:\games\генережка\генережка\source.cpp(335): warning C4244: инициализация: преобразование "double" в "int", возможна потеря данных
c:\games\генережка\генережка\source.cpp(346): warning C4244: инициализация: преобразование "double" в "int", возможна потеря данных
c:\games\генережка\генережка\source.cpp(347): warning C4244: инициализация: преобразование "double" в "int", возможна потеря данных
c:\games\генережка\генережка\source.cpp(316): warning C4101: b1: неиспользованная локальная переменная
  Генережка.vcxproj -> C:\Games\Генережка\x64\Debug\Генережка.exe
